STATUS:Searching for applets
EXCEPT:Traceback (most recent call last):
          File "/home/xzhang1/p4vasp/python-packages/p4vasp/applet/__init__.py", line 106, in findApplets
           o=getClass(c)
          File "/home/xzhang1/p4vasp/python-packages/p4vasp/applet/__init__.py", line 77, in getClass
           exec "import %s\nc=%s\n"%(join(v[:-1],"."),c)
          File "<string>", line 1, in <module>
          File "/home/xzhang1/p4vasp/python-packages/p4vasp/applet/KpointsViewerApplet.py", line 26, in <module>
           from p4vasp.paint3d.OpenGLPaint3D import *
          File "/home/xzhang1/p4vasp/python-packages/p4vasp/paint3d/OpenGLPaint3D.py", line 5, in <module>
           from OpenGL.GL import *
        ImportError: No module named OpenGL.GL
       
STATUS:Creating menu items
MSG   :Add menu Edit::New
MSG   :Add menu Structure::Window
MSG   :Add menu Structure::Control
MSG   :Add menu Electronic::DOS + bands
MSG   :Add menu Electronic::Local DOS+bands control
MSG   :Add menu Convergence::Selected forces
MSG   :Add menu Structure::Show/hide atoms
MSG   :Add menu MD::VAC
MSG   :Add menu Structure::Lattice
MSG   :Add menu Edit::Builder
MSG   :Add menu Structure::Measure
MSG   :Add menu Structure::Show (old)
MSG   :Add menu Edit::Multiply cell
MSG   :Add menu Edit::Rotate atoms
MSG   :Add menu Edit::Info
MSG   :Add menu Electronic::Dielectric function
MSG   :Add menu Electronic::Local potential
MSG   :Add menu Convergence::Energy
MSG   :Add menu Edit::Move atoms
MSG   :Add menu Convergence::Forces
MSG   :Add menu Database::Query
MSG   :Add menu Structure::Export
MSG   :Add menu Database::Commit
MSG   :Add menu Electronic::STM Control
MSG   :Add menu Electronic::STM Window
MSG   :Add menu Edit::Edit sub-Z-matrix
STATUS:Initializing toolbar buttons
STATUS:Initializing selection applet
STATUS:loading setup
ERROR : Can not read setup.xml
STATUS:setup loaded
STATUS:reading vasprun.xml
ERROR : Error reading property DOM
EXCEPT:Traceback (most recent call last):
          File "/home/xzhang1/p4vasp/python-packages/p4vasp/Property.py", line 159, in get
           self.value=self.read()
          File "/home/xzhang1/p4vasp/python-packages/p4vasp/Property.py", line 172, in read
           return apply(self.read_func,(self,))
          File "/home/xzhang1/p4vasp/python-packages/p4vasp/SystemPM.py", line 429, in <lambda>
           read=lambda x:parseXMLfromURL(x.manager.URL))
          File "/home/xzhang1/p4vasp/python-packages/p4vasp/util.py", line 460, in parseXMLfromURL
           return parseXML(url)
          File "/home/xzhang1/p4vasp/python-packages/p4vasp/util.py", line 430, in parseXML
           raise IOError,"No such file or directory: '%s'"%path
        IOError: No such file or directory: 'vasprun.xml'
       
ERROR : Error reading property INCAR
EXCEPT:Traceback (most recent call last):
          File "/home/xzhang1/p4vasp/python-packages/p4vasp/Property.py", line 159, in get
           self.value=self.read()
          File "/home/xzhang1/p4vasp/python-packages/p4vasp/Property.py", line 172, in read
           return apply(self.read_func,(self,))
          File "/home/xzhang1/p4vasp/python-packages/p4vasp/SystemPM.py", line 431, in <lambda>
           read=lambda x:Incar(x.manager.DOM.getElementsByTagName("incar")[0]))
        AttributeError: 'NoneType' object has no attribute 'getElementsByTagName'
       
ERROR : Error reading property NAME
EXCEPT:Traceback (most recent call last):
          File "/home/xzhang1/p4vasp/python-packages/p4vasp/Property.py", line 159, in get
           self.value=self.read()
          File "/home/xzhang1/p4vasp/python-packages/p4vasp/Property.py", line 172, in read
           return apply(self.read_func,(self,))
          File "/home/xzhang1/p4vasp/python-packages/p4vasp/SystemPM.py", line 437, in <lambda>
           read=lambda x:x.manager.INCAR["SYSTEM"])
        TypeError: 'NoneType' object has no attribute '__getitem__'
       
STATUS:reading vasprun.xml OK
STATUS:OK
